\BOOKMARK [1][-]{chapter*.1}{\376\377\000R\000e\000c\000h\000t\000l\000i\000c\000h\000e\000\040\000E\000r\000k\000l\000\344\000r\000u\000n\000g}{}% 1
\BOOKMARK [1][-]{chapter*.5}{\376\377\000A\000b\000b\000i\000l\000d\000u\000n\000g\000s\000v\000e\000r\000z\000e\000i\000c\000h\000n\000i\000s}{}% 2
\BOOKMARK [1][-]{chapter*.6}{\376\377\000T\000a\000b\000e\000l\000l\000e\000n\000v\000e\000r\000z\000e\000i\000c\000h\000n\000i\000s}{}% 3
\BOOKMARK [0][-]{chapter.1}{\376\377\000E\000i\000n\000l\000e\000i\000t\000u\000n\000g}{}% 4
\BOOKMARK [1][-]{section.1.1}{\376\377\000M\000o\000t\000i\000v\000a\000t\000i\000o\000n\000\040\000d\000e\000r\000\040\000H\000y\000p\000e\000r\000l\000o\000o\000p\000\040\000T\000e\000c\000h\000n\000o\000l\000o\000g\000i\000e}{chapter.1}% 5
\BOOKMARK [2][-]{subsection.1.1.1}{\376\377\000I\000n\000s\000t\000i\000t\000u\000t\000e\000\040\000o\000f\000\040\000H\000y\000p\000e\000r\000l\000o\000o\000p\000\040\000T\000e\000c\000h\000n\000o\000l\000o\000g\000y}{section.1.1}% 6
\BOOKMARK [1][-]{section.1.2}{\376\377\000A\000u\000f\000g\000a\000b\000e\000n\000s\000t\000e\000l\000l\000u\000n\000g}{chapter.1}% 7
\BOOKMARK [1][-]{section.1.3}{\376\377\000A\000u\000f\000b\000a\000u\000\040\000d\000e\000r\000\040\000P\000r\000o\000j\000e\000k\000t\000d\000o\000k\000u\000m\000e\000n\000t\000a\000t\000i\000o\000n}{chapter.1}% 8
\BOOKMARK [0][-]{chapter.2}{\376\377\000K\000o\000n\000z\000e\000p\000t}{}% 9
\BOOKMARK [0][-]{chapter.3}{\376\377\000S\000t\000a\000n\000d\000\040\000d\000e\000r\000\040\000T\000e\000c\000h\000n\000i\000k}{}% 10
\BOOKMARK [1][-]{section.3.1}{\376\377\000A\000n\000t\000r\000i\000e\000b\000\040\040\023\000\040\000G\000o\000l\000d\000e\000n\000\040\000M\000o\000t\000o\000r}{chapter.3}% 11
\BOOKMARK [2][-]{subsection.3.1.1}{\376\377\000B\000L\000D\000C\000\040\000M\000o\000t\000o\000r}{section.3.1}% 12
\BOOKMARK [3][-]{subsubsection.3.1.1.1}{\376\377\000F\000u\000n\000k\000t\000i\000o\000n\000s\000w\000e\000i\000s\000e}{subsection.3.1.1}% 13
\BOOKMARK [2][-]{subsection.3.1.2}{\376\377\000V\000e\000c\000t\000o\000r\000\040\000C\000o\000n\000t\000r\000o\000l\000l\000e\000r}{section.3.1}% 14
\BOOKMARK [3][-]{subsubsection.3.1.2.1}{\376\377\000F\000u\000n\000k\000t\000i\000o\000n\000s\000w\000e\000i\000s\000e}{subsection.3.1.2}% 15
\BOOKMARK [1][-]{section.3.2}{\376\377\000E\000c\000h\000t\000z\000e\000i\000t\000f\000\344\000h\000i\000g\000e\000\040\000S\000t\000e\000u\000e\000r\000u\000n\000g\000\040\040\023\000\040\000S\000p\000e\000e\000d\000g\000o\000a\000t}{chapter.3}% 16
\BOOKMARK [2][-]{subsection.3.2.1}{\376\377\000I\000/\000O\000-\000M\000o\000d\000u\000l\000\040\040\023\000\040\000I\000O\0003\0009\0007\000-\0005\0000\000k}{section.3.2}% 17
\BOOKMARK [3][-]{subsubsection.3.2.1.1}{\376\377\000P\000i\000n\000\040\000M\000a\000p\000p\000i\000n\000g\000\040\040\023\000\040\000I\000O\0003\0009\0007\000-\0005\0000\000k}{subsection.3.2.1}% 18
\BOOKMARK [3][-]{subsubsection.3.2.1.2}{\376\377\000I\000O\0003\0009\0007\000-\0005\0000\000k\000\040\040\023\000\040\000K\000o\000n\000f\000i\000g\000u\000r\000i\000e\000r\000e\000n}{subsection.3.2.1}% 19
\BOOKMARK [2][-]{subsection.3.2.2}{\376\377\000I\000/\000O\000-\000M\000o\000d\000u\000l\000\040\040\023\000\040\000I\000O\0006\0009\0001}{section.3.2}% 20
\BOOKMARK [3][-]{subsubsection.3.2.2.1}{\376\377\000P\000i\000n\000\040\000M\000a\000p\000p\000i\000n\000g\000\040\040\023\000\040\000I\000O\0006\0009\0001}{subsection.3.2.2}% 21
\BOOKMARK [3][-]{subsubsection.3.2.2.2}{\376\377\000I\000O\0006\0009\0001\000\040\000M\000o\000d\000u\000l\000e\000\040\000K\000o\000n\000f\000i\000g\000u\000r\000i\000e\000r\000e\000n}{subsection.3.2.2}% 22
\BOOKMARK [0][-]{chapter.4}{\376\377\000I\000m\000p\000l\000e\000m\000e\000n\000t\000i\000e\000r\000u\000n\000g}{}% 23
\BOOKMARK [1][-]{section.4.1}{\376\377\000S\000c\000h\000a\000l\000t\000p\000l\000a\000n}{chapter.4}% 24
\BOOKMARK [2][-]{subsection.4.1.1}{\376\377\000B\000e\000t\000r\000i\000e\000b\000s\000m\000i\000t\000t\000e\000l\000b\000e\000z\000e\000i\000c\000h\000n\000u\000n\000g}{section.4.1}% 25
\BOOKMARK [3][-]{subsubsection.4.1.1.1}{\376\377\000F\000u\000n\000k\000t\000i\000o\000n\000s\000k\000e\000n\000n\000z\000e\000i\000c\000h\000e\000n}{subsection.4.1.1}% 26
\BOOKMARK [3][-]{subsubsection.4.1.1.2}{\376\377\000O\000r\000t\000s\000k\000e\000n\000n\000z\000e\000i\000c\000h\000e\000n}{subsection.4.1.1}% 27
\BOOKMARK [3][-]{subsubsection.4.1.1.3}{\376\377\000B\000e\000t\000r\000i\000e\000b\000s\000m\000i\000t\000t\000e\000l\000k\000e\000n\000n\000z\000e\000i\000c\000h\000e\000n}{subsection.4.1.1}% 28
\BOOKMARK [2][-]{subsection.4.1.2}{\376\377\000V\000e\000r\000d\000r\000a\000h\000t\000u\000n\000g\000\040\000K\000o\000n\000v\000e\000n\000t\000i\000o\000n\000e\000n}{section.4.1}% 29
\BOOKMARK [1][-]{section.4.2}{\376\377\000S\000i\000m\000u\000l\000a\000t\000i\000o\000n\000\040\000m\000i\000t\000\040\000S\000i\000m\000u\000l\000i\000n\000k}{chapter.4}% 30
\BOOKMARK [2][-]{subsection.4.2.1}{\376\377\000F\000u\000n\000k\000t\000i\000o\000n\000s\000w\000e\000i\000s\000e\000\040\000d\000e\000r\000\040\000S\000t\000e\000u\000e\000r\000u\000n\000g}{section.4.2}% 31
\BOOKMARK [3][-]{subsubsection.4.2.1.1}{\376\377\000C\000o\000n\000t\000r\000o\000l\000l\000p\000a\000n\000e\000l}{subsection.4.2.1}% 32
\BOOKMARK [2][-]{subsection.4.2.2}{\376\377\000A\000u\000t\000o\000m\000a\000t\000e\000n\000s\000t\000e\000u\000e\000r\000u\000n\000g}{section.4.2}% 33
\BOOKMARK [3][-]{subsubsection.4.2.2.1}{\376\377\000A\000u\000t\000o\000m\000a\000t\000\040\000f\000\374\000r\000\040\000d\000i\000e\000\040\000m\000a\000n\000u\000e\000l\000l\000e\000\040\000S\000t\000e\000u\000e\000r\000u\000n\000g}{subsection.4.2.2}% 34
\BOOKMARK [3][-]{subsubsection.4.2.2.2}{\376\377\000A\000u\000t\000o\000m\000a\000t\000\040\000f\000\374\000r\000\040\000d\000i\000e\000\040\000a\000u\000t\000o\000m\000a\000t\000i\000s\000c\000h\000e\000\040\000S\000t\000e\000u\000e\000r\000u\000n\000g}{subsection.4.2.2}% 35
\BOOKMARK [1][-]{section.4.3}{\376\377\000D\000i\000s\000t\000a\000n\000z\000m\000e\000s\000s\000u\000n\000g}{chapter.4}% 36
\BOOKMARK [2][-]{subsection.4.3.1}{\376\377\000V\000e\000r\000b\000i\000n\000d\000u\000n\000g}{section.4.3}% 37
\BOOKMARK [2][-]{subsection.4.3.2}{\376\377\000K\000o\000d\000i\000e\000r\000u\000n\000g\000\040\000d\000e\000r\000\040\000S\000t\000e\000u\000e\000r\000s\000i\000g\000n\000a\000l\000e}{section.4.3}% 38
\BOOKMARK [2][-]{subsection.4.3.3}{\376\377\000S\000t\000e\000u\000e\000r\000u\000n\000g\000\040\000f\000\374\000r\000\040\000d\000i\000e\000\040\000S\000e\000n\000s\000o\000r\000d\000a\000t\000e\000n}{section.4.3}% 39
\BOOKMARK [0][-]{chapter.5}{\376\377\000K\000o\000n\000k\000l\000u\000s\000i\000o\000n}{}% 40
\BOOKMARK [0][-]{appendix.A}{\376\377\000A\000n\000h\000a\000n\000g}{}% 41
\BOOKMARK [1][-]{section.A.1}{\376\377\000S\000c\000h\000a\000l\000t\000p\000l\000a\000n}{appendix.A}% 42
